app/build/outputs/logs/manifest-merger-release-report.txt
-- Merging decision tree log ---
manifest
ADDED from src/main/AndroidManifest.xml:2:1-29:12
INJECTED from src/main/AndroidManifest.xml:2:1-29:12
INJECTED from src/main/AndroidManifest.xml:2:1-29:12
INJECTED from src/main/AndroidManifest.xml:2:1-29:12
MERGED from [com.adobe.creativesdk.foundation:auth:0.9.2006-5] AndroidManifest.xml:2:1-52:12
MERGED from [com.android.support:appcompat-v7:27.1.1] AndroidManifest.xml:17:1-22:12
MERGED from [com.android.support.constraint:constraint-layout:1.1.1] AndroidManifest.xml:2:1-11:12
MERGED from [com.birbit:android-priority-jobqueue:2.0.1] AndroidManifest.xml:2:1-16:12
MERGED from [com.android.support:support-v4:26.0.1] AndroidManifest.xml:17:1-31:12
MERGED from [com.android.support:animated-vector-drawable:27.1.1] AndroidManifest.xml:17:1-22:12
MERGED from [com.android.support:support-vector-drawable:27.1.1] AndroidManifest.xml:17:1-22:12
MERGED from [com.android.support:support-media-compat:26.0.1] AndroidManifest.xml:17:1-31:12
MERGED from [com.android.support:support-fragment:27.1.1] AndroidManifest.xml:17:1-22:12
MERGED from [com.android.support:support-core-ui:27.1.1] AndroidManifest.xml:17:1-22:12
MERGED from [com.android.support:support-core-utils:27.1.1] AndroidManifest.xml:17:1-22:12
MERGED from [com.android.support:support-compat:27.1.1] AndroidManifest.xml:17:1-22:12
MERGED from [android.arch.lifecycle:livedata-core:1.1.0] AndroidManifest.xml:17:1-22:12
MERGED from [android.arch.lifecycle:viewmodel:1.1.0] AndroidManifest.xml:17:1-22:12
MERGED from [android.arch.lifecycle:runtime:1.1.0] AndroidManifest.xml:17:1-22:12
MERGED from [android.arch.core:runtime:1.1.0] AndroidManifest.xml:17:1-22:12
INJECTED from src/main/AndroidManifest.xml:2:1-29:12
INJECTED from src/main/AndroidManifest.xml:2:1-29:12
INJECTED from src/main/AndroidManifest.xml:2:1-29:12
	package
		ADDED from src/main/AndroidManifest.xml:3:5-47
		INJECTED from src/main/AndroidManifest.xml
		INJECTED from src/main/AndroidManifest.xml
	android:versionName
		INJECTED from src/main/AndroidManifest.xml
		ADDED from src/main/AndroidManifest.xml:2:1-29:12
		INJECTED from src/main/AndroidManifest.xml
	android:versionCode
		INJECTED from src/main/AndroidManifest.xml
		ADDED from src/main/AndroidManifest.xml:2:1-29:12
		INJECTED from src/main/AndroidManifest.xml
	xmlns:android
		ADDED from src/main/AndroidManifest.xml:2:11-69
uses-permission#android.permission.ACCESS_NETWORK_STATE
ADDED from src/main/AndroidManifest.xml:5:5-79
MERGED from [com.adobe.creativesdk.foundation:auth:0.9.2006-5] AndroidManifest.xml:12:5-79
MERGED from [com.adobe.creativesdk.foundation:auth:0.9.2006-5] AndroidManifest.xml:12:5-79
MERGED from [com.birbit:android-priority-jobqueue:2.0.1] AndroidManifest.xml:14:5-79
MERGED from [com.birbit:android-priority-jobqueue:2.0.1] AndroidManifest.xml:14:5-79
	android:name
		ADDED from src/main/AndroidManifest.xml:5:22-76
uses-permission#android.permission.WRITE_EXTERNAL_STORAGE
ADDED from src/main/AndroidManifest.xml:6:5-80
	android:name
		ADDED from src/main/AndroidManifest.xml:6:22-78
uses-permission#android.permission.CAMERA
ADDED from src/main/AndroidManifest.xml:7:5-64
	android:name
		ADDED from src/main/AndroidManifest.xml:7:22-62
uses-permission#android.permission.INTERNET
ADDED from src/main/AndroidManifest.xml:8:5-66
MERGED from [com.adobe.creativesdk.foundation:auth:0.9.2006-5] AndroidManifest.xml:11:5-67
MERGED from [com.adobe.creativesdk.foundation:auth:0.9.2006-5] AndroidManifest.xml:11:5-67
MERGED from [com.birbit:android-priority-jobqueue:2.0.1] AndroidManifest.xml:13:5-67
MERGED from [com.birbit:android-priority-jobqueue:2.0.1] AndroidManifest.xml:13:5-67
	android:name
		ADDED from src/main/AndroidManifest.xml:8:22-64
uses-permission#android.permission.ACCESS_WIFI_STATE
ADDED from src/main/AndroidManifest.xml:9:5-75
	android:name
		ADDED from src/main/AndroidManifest.xml:9:22-73
uses-permission#android.permission.READ_EXTERNAL_STORAGE
ADDED from src/main/AndroidManifest.xml:10:5-79
	android:name
		ADDED from src/main/AndroidManifest.xml:10:22-77
application
ADDED from src/main/AndroidManifest.xml:12:5-27:19
MERGED from [com.adobe.creativesdk.foundation:auth:0.9.2006-5] AndroidManifest.xml:21:5-50:19
MERGED from [com.adobe.creativesdk.foundation:auth:0.9.2006-5] AndroidManifest.xml:21:5-50:19
MERGED from [com.android.support.constraint:constraint-layout:1.1.1] AndroidManifest.xml:9:5-20
MERGED from [com.android.support.constraint:constraint-layout:1.1.1] AndroidManifest.xml:9:5-20
MERGED from [com.android.support:support-v4:26.0.1] AndroidManifest.xml:25:5-29:19
MERGED from [com.android.support:support-v4:26.0.1] AndroidManifest.xml:25:5-29:19
MERGED from [com.android.support:support-media-compat:26.0.1] AndroidManifest.xml:25:5-29:19
MERGED from [com.android.support:support-media-compat:26.0.1] AndroidManifest.xml:25:5-29:19
	android:supportsRtl
		ADDED from src/main/AndroidManifest.xml:17:9-35
	android:label
		ADDED from src/main/AndroidManifest.xml:15:9-41
	android:roundIcon
		ADDED from src/main/AndroidManifest.xml:16:9-54
	android:icon
		ADDED from src/main/AndroidManifest.xml:14:9-43
	android:allowBackup
		ADDED from src/main/AndroidManifest.xml:13:9-35
	android:theme
		ADDED from src/main/AndroidManifest.xml:18:9-40
activity#com.example.duchuynm.uploadimage.MainActivity
ADDED from src/main/AndroidManifest.xml:19:9-26:20
	android:screenOrientation
		ADDED from src/main/AndroidManifest.xml:20:13-49
	android:name
		ADDED from src/main/AndroidManifest.xml:19:19-47
intent-filter#action:name:android.intent.action.MAIN+category:name:android.intent.category.LAUNCHER
ADDED from src/main/AndroidManifest.xml:21:13-25:29
action#android.intent.action.MAIN
ADDED from src/main/AndroidManifest.xml:22:17-69
	android:name
		ADDED from src/main/AndroidManifest.xml:22:25-66
category#android.intent.category.LAUNCHER
ADDED from src/main/AndroidManifest.xml:24:17-77
	android:name
		ADDED from src/main/AndroidManifest.xml:24:27-74
uses-sdk
INJECTED from src/main/AndroidManifest.xml reason: use-sdk injection requested
INJECTED from src/main/AndroidManifest.xml
INJECTED from src/main/AndroidManifest.xml
MERGED from [com.adobe.creativesdk.foundation:auth:0.9.2006-5] AndroidManifest.xml:7:5-9:41
MERGED from [com.adobe.creativesdk.foundation:auth:0.9.2006-5] AndroidManifest.xml:7:5-9:41
MERGED from [com.android.support:appcompat-v7:27.1.1] AndroidManifest.xml:20:5-44
MERGED from [com.android.support:appcompat-v7:27.1.1] AndroidManifest.xml:20:5-44
MERGED from [com.android.support.constraint:constraint-layout:1.1.1] AndroidManifest.xml:5:5-7:41
MERGED from [com.android.support.constraint:constraint-layout:1.1.1] AndroidManifest.xml:5:5-7:41
MERGED from [com.birbit:android-priority-jobqueue:2.0.1] AndroidManifest.xml:8:5-11:155
MERGED from [com.birbit:android-priority-jobqueue:2.0.1] AndroidManifest.xml:8:5-11:155
MERGED from [com.android.support:support-v4:26.0.1] AndroidManifest.xml:21:5-23:54
MERGED from [com.android.support:support-v4:26.0.1] AndroidManifest.xml:21:5-23:54
MERGED from [com.android.support:animated-vector-drawable:27.1.1] AndroidManifest.xml:20:5-44
MERGED from [com.android.support:animated-vector-drawable:27.1.1] AndroidManifest.xml:20:5-44
MERGED from [com.android.support:support-vector-drawable:27.1.1] AndroidManifest.xml:20:5-44
MERGED from [com.android.support:support-vector-drawable:27.1.1] AndroidManifest.xml:20:5-44
MERGED from [com.android.support:support-media-compat:26.0.1] AndroidManifest.xml:21:5-23:63
MERGED from [com.android.support:support-media-compat:26.0.1] AndroidManifest.xml:21:5-23:63
MERGED from [com.android.support:support-fragment:27.1.1] AndroidManifest.xml:20:5-44
MERGED from [com.android.support:support-fragment:27.1.1] AndroidManifest.xml:20:5-44
MERGED from [com.android.support:support-core-ui:27.1.1] AndroidManifest.xml:20:5-44
MERGED from [com.android.support:support-core-ui:27.1.1] AndroidManifest.xml:20:5-44
MERGED from [com.android.support:support-core-utils:27.1.1] AndroidManifest.xml:20:5-44
MERGED from [com.android.support:support-core-utils:27.1.1] AndroidManifest.xml:20:5-44
MERGED from [com.android.support:support-compat:27.1.1] AndroidManifest.xml:20:5-44
MERGED from [com.android.support:support-compat:27.1.1] AndroidManifest.xml:20:5-44
MERGED from [android.arch.lifecycle:livedata-core:1.1.0] AndroidManifest.xml:20:5-44
MERGED from [android.arch.lifecycle:livedata-core:1.1.0] AndroidManifest.xml:20:5-44
MERGED from [android.arch.lifecycle:viewmodel:1.1.0] AndroidManifest.xml:20:5-44
MERGED from [android.arch.lifecycle:viewmodel:1.1.0] AndroidManifest.xml:20:5-44
MERGED from [android.arch.lifecycle:runtime:1.1.0] AndroidManifest.xml:20:5-44
MERGED from [android.arch.lifecycle:runtime:1.1.0] AndroidManifest.xml:20:5-44
MERGED from [android.arch.core:runtime:1.1.0] AndroidManifest.xml:20:5-44
MERGED from [android.arch.core:runtime:1.1.0] AndroidManifest.xml:20:5-44
INJECTED from src/main/AndroidManifest.xml
INJECTED from src/main/AndroidManifest.xml
	tools:overrideLibrary
		ADDED from [com.birbit:android-priority-jobqueue:2.0.1] AndroidManifest.xml:11:9-152
	android:targetSdkVersion
		INJECTED from src/main/AndroidManifest.xml
		ADDED from src/main/AndroidManifest.xml
		INJECTED from src/main/AndroidManifest.xml
	android:minSdkVersion
		INJECTED from src/main/AndroidManifest.xml
		ADDED from src/main/AndroidManifest.xml
		INJECTED from src/main/AndroidManifest.xml
activity#com.adobe.creativesdk.foundation.internal.auth.AdobeAuthSignInActivity
ADDED from [com.adobe.creativesdk.foundation:auth:0.9.2006-5] AndroidManifest.xml:22:9-28:83
	android:label
		ADDED from [com.adobe.creativesdk.foundation:auth:0.9.2006-5] AndroidManifest.xml:25:13-62
	android:multiprocess
		ADDED from [com.adobe.creativesdk.foundation:auth:0.9.2006-5] AndroidManifest.xml:26:13-40
	android:windowSoftInputMode
		ADDED from [com.adobe.creativesdk.foundation:auth:0.9.2006-5] AndroidManifest.xml:28:13-80
	android:exported
		ADDED from [com.adobe.creativesdk.foundation:auth:0.9.2006-5] AndroidManifest.xml:24:13-37
	android:theme
		ADDED from [com.adobe.creativesdk.foundation:auth:0.9.2006-5] AndroidManifest.xml:27:13-58
	android:name
		ADDED from [com.adobe.creativesdk.foundation:auth:0.9.2006-5] AndroidManifest.xml:23:13-98
activity#com.adobe.creativesdk.foundation.internal.auth.AdobeAuthContinuableEventActivity
ADDED from [com.adobe.creativesdk.foundation:auth:0.9.2006-5] AndroidManifest.xml:29:9-36:83
	android:label
		ADDED from [com.adobe.creativesdk.foundation:auth:0.9.2006-5] AndroidManifest.xml:32:13-62
	android:multiprocess
		ADDED from [com.adobe.creativesdk.foundation:auth:0.9.2006-5] AndroidManifest.xml:34:13-40
	android:launchMode
		ADDED from [com.adobe.creativesdk.foundation:auth:0.9.2006-5] AndroidManifest.xml:33:13-48
	android:windowSoftInputMode
		ADDED from [com.adobe.creativesdk.foundation:auth:0.9.2006-5] AndroidManifest.xml:36:13-80
	android:exported
		ADDED from [com.adobe.creativesdk.foundation:auth:0.9.2006-5] AndroidManifest.xml:31:13-37
	android:theme
		ADDED from [com.adobe.creativesdk.foundation:auth:0.9.2006-5] AndroidManifest.xml:35:13-58
	android:name
		ADDED from [com.adobe.creativesdk.foundation:auth:0.9.2006-5] AndroidManifest.xml:30:13-108
activity#com.adobe.creativesdk.foundation.internal.base.AdobeTOUHandlerActivity
ADDED from [com.adobe.creativesdk.foundation:auth:0.9.2006-5] AndroidManifest.xml:49:9-107
	android:name
		ADDED from [com.adobe.creativesdk.foundation:auth:0.9.2006-5] AndroidManifest.xml:49:19-104
meta-data#android.support.VERSION
ADDED from [com.android.support:support-v4:26.0.1] AndroidManifest.xml:26:9-28:38
MERGED from [com.android.support:support-media-compat:26.0.1] AndroidManifest.xml:26:9-28:38
MERGED from [com.android.support:support-media-compat:26.0.1] AndroidManifest.xml:26:9-28:38
	android:value
		ADDED from [com.android.support:support-v4:26.0.1] AndroidManifest.xml:28:13-35
	android:name
		ADDED from [com.android.support:support-v4:26.0.1] AndroidManifest.xml:27:13-51